{
  "stats": {
    "suites": 1,
    "tests": 3,
    "passes": 3,
    "pending": 0,
    "failures": 0,
    "start": "2019-12-19T11:03:53.320Z",
    "end": "2019-12-19T11:05:25.282Z",
    "duration": 91962,
    "testsRegistered": 3,
    "passPercent": 100,
    "pendingPercent": 0,
    "other": 0,
    "hasOther": false,
    "skipped": 0,
    "hasSkipped": false
  },
  "results": [
    {
      "uuid": "9cb355a0-df73-42c7-8181-4206459fa81d",
      "title": "",
      "fullFile": "",
      "file": "",
      "beforeHooks": [],
      "afterHooks": [],
      "tests": [],
      "suites": [
        {
          "uuid": "18dbd8c5-7703-4f06-ac1a-08351a90f14b",
          "title": "NewsletterCB",
          "fullFile": "",
          "file": "",
          "beforeHooks": [],
          "afterHooks": [],
          "tests": [
            {
              "title": "Newsletter_ViewNewsletter_OnFlexiPage",
              "fullTitle": "NewsletterCB Newsletter_ViewNewsletter_OnFlexiPage",
              "timedOut": null,
              "duration": 33852,
              "state": "passed",
              "speed": "slow",
              "pass": true,
              "fail": false,
              "pending": false,
              "context": null,
              "code": "(0, _newsletterHelpers.I_AddNewsletterContentBlockToFlexiPage)();\nI.Click(Admin.EditFlexiPage.SaveButton);\nI.Wait(500);\nI.RefreshSiteCache();\nI.Open(\"FlexiPage\", TestData.Addons.Newsletter.FlexiPageUrl);\nI.SeeInTitle(TestData.Addons.Newsletter.FlexiPageTitle);\nI.See(FlexiPage.NewsletterContentBlock.ContentBlock);",
              "err": {},
              "uuid": "8b867513-cff4-4c09-b713-b113c05909d8",
              "parentUUID": "18dbd8c5-7703-4f06-ac1a-08351a90f14b",
              "isHook": false,
              "skipped": false
            },
            {
              "title": "Newsletter_VerifyRequiredFields_OnFlexiPage",
              "fullTitle": "NewsletterCB Newsletter_VerifyRequiredFields_OnFlexiPage",
              "timedOut": null,
              "duration": 24217,
              "state": "passed",
              "speed": "slow",
              "pass": true,
              "fail": false,
              "pending": false,
              "context": null,
              "code": "I.Open(\"Admin_FlexiPage\");\nI.LoginToAdminIfNeeded();\nI.PrepareFlexiPageForCheck(TestData.Addons.Newsletter.FlexiPageTitle, TestData.Addons.Newsletter.FlexiPageUrl);\nI.SearchAdminWebPage(Admin.FlexiPage.SearchBox, TestData.Addons.Newsletter.FlexiPageUrl);\nI.Click(Admin.FlexiPage.Table.Line.EditButton);\nI.AmOn(\"Admin_EditFlexiPage\");\nI.Click(Admin.EditFlexiPage.ContentElements.AddElement.Opener);\nI.Click(Admin.EditFlexiPage.ContentElements.AddElement.Newsletter);\nI.See(Admin.EditFlexiPage.Newsletter);\nI.Click(Admin.EditFlexiPage.SaveButton);\nI.See(Admin.EditFlexiPage.Newsletter.BackgroundColorValidation);\nI.Click(Admin.EditFlexiPage.Newsletter.BackgroundImageToggleButton);\nI.Click(Admin.EditFlexiPage.SaveButton);\nI.See(Admin.EditFlexiPage.Newsletter.BackgroundImageValidation);",
              "err": {},
              "uuid": "e2f6f5f0-e3f6-4abf-8770-72572f82e8a9",
              "parentUUID": "18dbd8c5-7703-4f06-ac1a-08351a90f14b",
              "isHook": false,
              "skipped": false
            },
            {
              "title": "Newsletter_VerifyEmailValidation_OnFlexiPage",
              "fullTitle": "NewsletterCB Newsletter_VerifyEmailValidation_OnFlexiPage",
              "timedOut": null,
              "duration": 33599,
              "state": "passed",
              "speed": "slow",
              "pass": true,
              "fail": false,
              "pending": false,
              "context": null,
              "code": "(0, _newsletterHelpers.I_AddNewsletterContentBlockToFlexiPage)();\nI.Click(Admin.EditFlexiPage.SaveButton);\nI.Wait(500);\nI.RefreshSiteCache();\nI.Open(\"FlexiPage\", TestData.Addons.Newsletter.FlexiPageUrl);\nI.Click(FlexiPage.NewsletterContentBlock.SubscribeButton);\nI.See(FlexiPage.NewsletterContentBlock.EmailValidator);",
              "err": {},
              "uuid": "d638d908-df11-493e-b592-101ecd890155",
              "parentUUID": "18dbd8c5-7703-4f06-ac1a-08351a90f14b",
              "isHook": false,
              "skipped": false
            }
          ],
          "suites": [],
          "passes": [
            "8b867513-cff4-4c09-b713-b113c05909d8",
            "e2f6f5f0-e3f6-4abf-8770-72572f82e8a9",
            "d638d908-df11-493e-b592-101ecd890155"
          ],
          "failures": [],
          "pending": [],
          "skipped": [],
          "duration": 91668,
          "root": false,
          "rootEmpty": false,
          "_timeout": 2000
        }
      ],
      "passes": [],
      "failures": [],
      "pending": [],
      "skipped": [],
      "duration": 0,
      "root": true,
      "rootEmpty": true,
      "_timeout": 2000
    }
  ],
  "meta": {
    "mocha": {
      "version": "6.2.2"
    },
    "mochawesome": {
      "options": {
        "quiet": false,
        "reportFilename": "mochawesome",
        "saveHtml": false,
        "saveJson": true,
        "consoleReporter": "spec",
        "useInlineDiffs": false
      },
      "version": "4.1.0"
    },
    "marge": {
      "options": {
        "id": "default",
        "reportDir": "cypress/reports/mocha",
        "quite": true,
        "overwrite": false,
        "html": false,
        "json": true
      },
      "version": "4.1.0"
    }
  }
}